<?xml version="1.0" encoding="UTF-8"?>
<!-- Generated by org.testng.reporters.JUnitReportReporter -->
<testsuite hostname="LAPTOP-UPC4DQ96" failures="0" tests="1" name="Functional_Testing.EnterValue_in_SearchTextfield" time="48.406" errors="0" timestamp="2024-10-24T19:57:00 IST" skipped="0">
  <testcase classname="Functional_Testing.EnterValue_in_SearchTextfield" name="searchTextField" time="48.406"/>
</testsuite> <!-- Functional_Testing.EnterValue_in_SearchTextfield -->
