<?xml version="1.0" encoding="UTF-8"?>
<!-- Generated by org.testng.reporters.JUnitReportReporter -->
<testsuite hostname="LAPTOP-UPC4DQ96" failures="0" tests="1" name="Functional_Testing.Verify_Application_Url" time="9.478" errors="0" timestamp="2024-10-24T19:57:00 IST" skipped="0">
  <testcase classname="Functional_Testing.Verify_Application_Url" name="verifyHomePage" time="9.478"/>
</testsuite> <!-- Functional_Testing.Verify_Application_Url -->
