<?xml version="1.0" encoding="UTF-8"?>
<!-- Generated by org.testng.reporters.JUnitReportReporter -->
<testsuite hostname="LAPTOP-UPC4DQ96" failures="0" tests="1" name="com.crm.JavaUtility.Read_OrganizationData" time="0.630" errors="0" timestamp="2024-10-25T22:42:34 IST" skipped="0">
  <testcase classname="com.crm.JavaUtility.Read_OrganizationData" name="readData" time="0.630"/>
</testsuite> <!-- com.crm.JavaUtility.Read_OrganizationData -->
