<?xml version="1.0" encoding="UTF-8"?>
<!-- Generated by org.testng.reporters.JUnitReportReporter -->
<testsuite hostname="LAPTOP-UPC4DQ96" failures="0" tests="1" name="Functional_Testing.Select_SingleValue_From_DropDownMenu_SearchTextfirld" time="10.248" errors="0" timestamp="2024-10-24T19:16:48 IST" skipped="0">
  <testcase classname="Functional_Testing.Select_SingleValue_From_DropDownMenu_SearchTextfirld" name="dropDown" time="10.248"/>
</testsuite> <!-- Functional_Testing.Select_SingleValue_From_DropDownMenu_SearchTextfirld -->
